[Start of the Program]
09:35:19.039 [8] INFO  Databaselist - SELECT * FROM tcc_pessoas WHERE tipo = '0'
[Start of the Program]
09:39:20.305 [9] INFO  Databaselist - SELECT * FROM tcc_pessoas WHERE tipo = '0'
[Start of the Program]
09:42:49.250 [8] INFO  Databaselist - SELECT * FROM tcc_pessoas WHERE tipo = '0'
[Start of the Program]
09:47:44.714 [10] INFO  Databaselist - SELECT * FROM tcc_pessoas WHERE tipo = '1'
[Start of the Program]
[End of the Program]
[Start of the Program]
[End of the Program]
[Start of the Program]
14:26:25.547 [1] INFO  Databaselist - INSERT INTO tcc_pessoas (nome, endereco, bairro, cep, telefone, email, rg, cpf, cidade, datanasc, tipo, observacao) VALUES ('isaque','Rua Natal','Esperança','18010-500','56555555','isaque@gmail.com','123.123.123-8','123.123.123-55','Sorocaba','29/07/2000','1','Desleixado')
14:26:25.650 [1] ERROR Databaselist - Dados de cadeia ou binários seriam truncados.
A instrução foi finalizada.
14:26:25.774 [1] INFO  Databaselist - INSERT INTO tcc_pessoas (nome, endereco, bairro, cep, telefone, email, rg, cpf, cidade, datanasc, tipo, observacao) VALUES ('isaque','Rua Natal','Esperança','18010-500','56555555','isaque@gmail.com','123.123.123-8','123.123.123-55','Sorocaba','29/07/2000','1','Desleixado')
14:26:25.775 [1] ERROR Databaselist - Dados de cadeia ou binários seriam truncados.
A instrução foi finalizada.
14:26:29.867 [1] INFO  Databaselist - INSERT INTO tcc_pessoas (nome, endereco, bairro, cep, telefone, email, rg, cpf, cidade, datanasc, tipo, observacao) VALUES ('isaque','Rua Natal','Esperança','18010-500','56555555','isaque@gmail.com','123.123.123-8','123.123.123-55','Sorocaba','29/07/2000','1','Desleixado')
14:26:29.868 [1] ERROR Databaselist - Dados de cadeia ou binários seriam truncados.
A instrução foi finalizada.
14:26:44.477 [1] INFO  Databaselist - SELECT * FROM tcc_pessoas WHERE tipo = '1'
[End of the Program]
[Start of the Program]
16:03:46.104 [9] INFO  Databaselist - INSERT INTO tcc_pessoas (nome, endereco, bairro, cep, telefone, email, rg, cpf, cidade, datanasc, tipo, observacao) VALUES ('mario','rua natal','josue','18055050','1530135605','oi_mario@live.com','55205009x','78787787878787','sarocaba','31/08/1999','0','oi')
[Start of the Program]
[End of the Program]
[Start of the Program]
22:56:40.332 [5] ERROR Connection - Erro de rede ou específico à instância ao estabelecer conexão com o SQL Server. O servidor não foi encontrado ou não estava acessível. Verifique se o nome da instância está correto e se o SQL Server está configurado para permitir conexões remotas. (provider: Named Pipes Provider, error: 40 - Não foi possível abrir uma conexão com o SQL Server)
22:56:45.301 [1] ERROR Connection - Erro de rede ou específico à instância ao estabelecer conexão com o SQL Server. O servidor não foi encontrado ou não estava acessível. Verifique se o nome da instância está correto e se o SQL Server está configurado para permitir conexões remotas. (provider: Named Pipes Provider, error: 40 - Não foi possível abrir uma conexão com o SQL Server)
22:56:45.301 [1] INFO  Databaselist - SELECT * FROM tcc_pessoas WHERE tipo = '0'
22:56:45.317 [1] ERROR HistoricoServicos - Referência de objeto não definida para uma instância de um objeto.
[End of the Program]
[Start of the Program]
23:11:37.801 [1] ERROR Connection - Erro de rede ou específico à instância ao estabelecer conexão com o SQL Server. O servidor não foi encontrado ou não estava acessível. Verifique se o nome da instância está correto e se o SQL Server está configurado para permitir conexões remotas. (provider: Named Pipes Provider, error: 40 - Não foi possível abrir uma conexão com o SQL Server)
23:11:37.815 [1] INFO  Databaselist - SELECT * FROM tcc_pessoas WHERE tipo = '1'
23:11:37.815 [1] ERROR HistoricoServicos - Referência de objeto não definida para uma instância de um objeto.
[End of the Program]
